<?xml version="1.0" encoding="UTF-8"?>
<testsuite xmlns:xsi="http://www.w3.org/2001/XMLSchema-instance" xsi:noNamespaceSchemaLocation="https://maven.apache.org/surefire/maven-surefire-plugin/xsd/surefire-test-report.xsd" version="3.0.2" name="com.arise.loanApplication.LoanApplicationEntityTests" time="4.58" tests="1" errors="0" skipped="0" failures="0">
  <properties>
[...]
</properties>
  <testcase name="contextLoads" classname="com.arise.loanApplication.LoanApplicationEntityTests" time="0.282">
    <system-out><![CDATA[12:18:48.476 [main] INFO org.springframework.test.context.support.AnnotationConfigContextLoaderUtils -- Could not detect default configuration classes for test class [com.arise.loanApplication.LoanApplicationEntityTests]: LoanApplicationEntityTests does not declare any static, non-private, non-final, nested classes annotated with @Configuration.
12:18:48.569 [main] INFO org.springframework.boot.test.context.SpringBootTestContextBootstrapper -- Found @SpringBootConfiguration com.arise.loanApplication.LoanApplication for test class com.arise.loanApplication.LoanApplicationEntityTests

  .   ____          _            __ _ _
 /\\ / ___'_ __ _ _(_)_ __  __ _ \ \ \ \
( ( )\___ | '_ | '_| | '_ \/ _` | \ \ \ \
 \\/  ___)| |_)| | | | | || (_| |  ) ) ) )
  '  |____| .__|_| |_|_| |_\__, | / / / /
 =========|_|==============|___/=/_/_/_/

 :: Spring Boot ::                (v3.5.5)

2025-08-23T12:18:48.991+07:00  INFO 48720 --- [loanApplication] [           main] c.a.l.LoanApplicationEntityTests         : Starting LoanApplicationEntityTests using Java 24.0.1 with PID 48720 (started by ying in C:\Users\ying_\Documents\Project\Arise\team057\loanApplicationJava)
2025-08-23T12:18:48.992+07:00  INFO 48720 --- [loanApplication] [           main] c.a.l.LoanApplicationEntityTests         : No active profile set, falling back to 1 default profile: "default"
2025-08-23T12:18:49.872+07:00  INFO 48720 --- [loanApplication] [           main] .s.d.r.c.RepositoryConfigurationDelegate : Bootstrapping Spring Data JPA repositories in DEFAULT mode.
2025-08-23T12:18:49.919+07:00  INFO 48720 --- [loanApplication] [           main] .s.d.r.c.RepositoryConfigurationDelegate : Finished Spring Data repository scanning in 34 ms. Found 1 JPA repository interface.
2025-08-23T12:18:50.316+07:00  INFO 48720 --- [loanApplication] [           main] com.zaxxer.hikari.HikariDataSource       : HikariPool-1 - Starting...
2025-08-23T12:18:50.515+07:00  INFO 48720 --- [loanApplication] [           main] com.zaxxer.hikari.pool.HikariPool        : HikariPool-1 - Added connection org.postgresql.jdbc.PgConnection@508ad266
2025-08-23T12:18:50.517+07:00  INFO 48720 --- [loanApplication] [           main] com.zaxxer.hikari.HikariDataSource       : HikariPool-1 - Start completed.
2025-08-23T12:18:50.551+07:00  INFO 48720 --- [loanApplication] [           main] o.hibernate.jpa.internal.util.LogHelper  : HHH000204: Processing PersistenceUnitInfo [name: default]
2025-08-23T12:18:50.605+07:00  INFO 48720 --- [loanApplication] [           main] org.hibernate.Version                    : HHH000412: Hibernate ORM core version 6.6.26.Final
2025-08-23T12:18:50.634+07:00  INFO 48720 --- [loanApplication] [           main] o.h.c.internal.RegionFactoryInitiator    : HHH000026: Second-level cache disabled
2025-08-23T12:18:50.925+07:00  INFO 48720 --- [loanApplication] [           main] o.s.o.j.p.SpringPersistenceUnitInfo      : No LoadTimeWeaver setup: ignoring JPA class transformer
2025-08-23T12:18:50.991+07:00  INFO 48720 --- [loanApplication] [           main] org.hibernate.orm.connections.pooling    : HHH10001005: Database info:
	Database JDBC URL [Connecting through datasource 'HikariDataSource (HikariPool-1)']
	Database driver: undefined/unknown
	Database version: 16.10
	Autocommit mode: undefined/unknown
	Isolation level: undefined/unknown
	Minimum pool size: undefined/unknown
	Maximum pool size: undefined/unknown
2025-08-23T12:18:51.583+07:00  INFO 48720 --- [loanApplication] [           main] o.h.e.t.j.p.i.JtaPlatformInitiator       : HHH000489: No JTA platform available (set 'hibernate.transaction.jta.platform' to enable JTA platform integration)
2025-08-23T12:18:51.585+07:00  INFO 48720 --- [loanApplication] [           main] j.LocalContainerEntityManagerFactoryBean : Initialized JPA EntityManagerFactory for persistence unit 'default'
2025-08-23T12:18:51.833+07:00  INFO 48720 --- [loanApplication] [           main] o.s.d.j.r.query.QueryEnhancerFactory     : Hibernate is in classpath; If applicable, HQL parser will be used.
2025-08-23T12:18:51.957+07:00  WARN 48720 --- [loanApplication] [           main] JpaBaseConfiguration$JpaWebConfiguration : spring.jpa.open-in-view is enabled by default. Therefore, database queries may be performed during view rendering. Explicitly configure spring.jpa.open-in-view to disable this warning
2025-08-23T12:18:52.523+07:00  INFO 48720 --- [loanApplication] [           main] o.s.b.a.e.web.EndpointLinksResolver      : Exposing 1 endpoint beneath base path '/actuator'
2025-08-23T12:18:52.581+07:00  INFO 48720 --- [loanApplication] [           main] c.a.l.LoanApplicationEntityTests         : Started LoanApplicationEntityTests in 3.884 seconds (process running for 4.82)
]]></system-out>
    <system-err><![CDATA[Mockito is currently self-attaching to enable the inline-mock-maker. This will no longer work in future releases of the JDK. Please add Mockito as an agent to your build as described in Mockito's documentation: https://javadoc.io/doc/org.mockito/mockito-core/latest/org.mockito/org/mockito/Mockito.html#0.3
WARNING: A Java agent has been loaded dynamically (C:\Users\ying_\.m2\repository\net\bytebuddy\byte-buddy-agent\1.17.7\byte-buddy-agent-1.17.7.jar)
WARNING: If a serviceability tool is in use, please run with -XX:+EnableDynamicAgentLoading to hide this warning
WARNING: If a serviceability tool is not in use, please run with -Djdk.instrument.traceUsage for more information
WARNING: Dynamic loading of agents will be disallowed by default in a future release
]]></system-err>
  </testcase>
</testsuite>